#
# A fatal error has been detected by the Java Runtime Environment:
#
#  EXCEPTION_ACCESS_VIOLATION (0xc0000005) at pc=0x00000000, pid=4540, tid=4856
#
# JRE version: 6.0_21-b06
# Java VM: Java HotSpot(TM) Client VM (17.0-b16 mixed mode, sharing windows-x86 )
# Problematic frame:
# C  0x00000000
#
# If you would like to submit a bug report, please visit:
#   http://java.sun.com/webapps/bugreport/crash.jsp
# The crash happened outside the Java Virtual Machine in native code.
# See problematic frame for where to report the bug.
#

---------------  T H R E A D  ---------------

Current thread (0x078e0000):  JavaThread "Java Sound Event Dispatcher" daemon [_thread_in_native, id=4856, stack(0x09bc0000,0x09c10000)]

siginfo: ExceptionCode=0xc0000005, reading address 0x00000000

Registers:
EAX=0x0bd667b8, EBX=0x09c0f8bc, ECX=0x6fee000c, EDX=0x00000000
ESP=0x09c0f880, EBP=0x09c0f89c, ESI=0x05479bb0, EDI=0x09c0f8b8
EIP=0x00000000, EFLAGS=0x00010202

Top of Stack: (sp=0x09c0f880)
0x09c0f880:   6d553413 0bd667b8 09c0f8b8 09c0f8bc
0x09c0f890:   078e0000 342c9990 342c9990 09c0f8c4
0x09c0f8a0:   6d55386f 05479bb0 09c0f8b8 09c0f8bc
0x09c0f8b0:   09c0f8c0 00000001 09c0f8e8 6d801086
0x09c0f8c0:   078e0000 09c0f924 6d5528ec 05479bb0
0x09c0f8d0:   00000001 0000027d 00000000 021d9f47
0x09c0f8e0:   078e0118 09c0f92c 0546eb10 00000000
0x09c0f8f0:   00000001 0000027d 00000000 00000000 

Instructions: (pc=0x00000000)
0xfffffff0:   


Stack: [0x09bc0000,0x09c10000],  sp=0x09c0f880,  free space=13e09c0f3b4k
Java frames: (J=compiled Java code, j=interpreted, Vv=VM code)
j  com.sun.media.sound.DirectAudioDevice.nGetBytePosition(JZJ)J+0
j  com.sun.media.sound.DirectAudioDevice.access$1700(JZJ)J+3
j  com.sun.media.sound.DirectAudioDevice$DirectDL.getLongFramePosition()J+19
j  com.sun.media.sound.DirectAudioDevice$DirectClip.getLongFramePosition()J+1
j  com.sun.media.sound.AbstractLine.setOpen(Z)V+3
j  com.sun.media.sound.AbstractDataLine.close()V+20
j  com.sun.media.sound.EventDispatcher.closeAutoClosingClips()V+122
j  com.sun.media.sound.EventDispatcher.dispatchEvents()V+128
j  com.sun.media.sound.EventDispatcher.run()V+1
j  java.lang.Thread.run()V+11
v  ~StubRoutines::call_stub

---------------  P R O C E S S  ---------------

Java Threads: ( => current thread )
  0x021b7400 JavaThread "Timer-89" [_thread_blocked, id=1796, stack(0x0a900000,0x0a950000)]
  0x021b6000 JavaThread "Timer-88" [_thread_blocked, id=3740, stack(0x0a8b0000,0x0a900000)]
  0x021b8c00 JavaThread "Timer-87" [_thread_blocked, id=4988, stack(0x0a860000,0x0a8b0000)]
  0x078e1800 JavaThread "Timer-86" [_thread_blocked, id=4664, stack(0x0a800000,0x0a850000)]
  0x078e3400 JavaThread "Timer-85" [_thread_blocked, id=3616, stack(0x0a2a0000,0x0a2f0000)]
  0x078e1c00 JavaThread "Timer-84" [_thread_blocked, id=2792, stack(0x0a110000,0x0a160000)]
  0x078e0400 JavaThread "Timer-83" [_thread_blocked, id=212, stack(0x0a070000,0x0a0c0000)]
  0x078e3000 JavaThread "Timer-82" [_thread_blocked, id=5672, stack(0x0a020000,0x0a070000)]
  0x078e3c00 JavaThread "Timer-81" [_thread_blocked, id=4648, stack(0x09fd0000,0x0a020000)]
  0x078dec00 JavaThread "Timer-80" [_thread_blocked, id=5380, stack(0x09f80000,0x09fd0000)]
  0x05481400 JavaThread "Timer-79" [_thread_blocked, id=3552, stack(0x0b7c0000,0x0b810000)]
  0x05480c00 JavaThread "Timer-78" [_thread_blocked, id=1296, stack(0x0b770000,0x0b7c0000)]
  0x05480800 JavaThread "Timer-77" [_thread_blocked, id=4536, stack(0x0b6d0000,0x0b720000)]
  0x05480000 JavaThread "Timer-76" [_thread_blocked, id=476, stack(0x0b630000,0x0b680000)]
  0x0547fc00 JavaThread "Timer-75" [_thread_blocked, id=3024, stack(0x0b590000,0x0b5e0000)]
  0x0547f400 JavaThread "Timer-74" [_thread_blocked, id=3876, stack(0x0b540000,0x0b590000)]
  0x0547ec00 JavaThread "Timer-73" [_thread_blocked, id=4656, stack(0x0b4f0000,0x0b540000)]
  0x021b8000 JavaThread "Timer-72" [_thread_blocked, id=4216, stack(0x0aa40000,0x0aa90000)]
  0x021b6800 JavaThread "Timer-71" [_thread_blocked, id=5828, stack(0x0a200000,0x0a250000)]
  0x021b8400 JavaThread "Timer-70" [_thread_blocked, id=4028, stack(0x0a160000,0x0a1b0000)]
  0x021b7800 JavaThread "Direct Clip" daemon [_thread_blocked, id=2256, stack(0x0a0c0000,0x0a110000)]
=>0x078e0000 JavaThread "Java Sound Event Dispatcher" daemon [_thread_in_native, id=4856, stack(0x09bc0000,0x09c10000)]
  0x021b5c00 JavaThread "Timer-69" [_thread_blocked, id=4568, stack(0x09f30000,0x09f80000)]
  0x078e0c00 JavaThread "Timer-68" [_thread_blocked, id=1732, stack(0x09ee0000,0x09f30000)]
  0x078dc800 JavaThread "Timer-55" [_thread_blocked, id=3032, stack(0x09b70000,0x09bc0000)]
  0x078e1000 JavaThread "Timer-54" [_thread_blocked, id=5936, stack(0x09b20000,0x09b70000)]
  0x078df400 JavaThread "Timer-53" [_thread_blocked, id=1768, stack(0x07340000,0x07390000)]
  0x078e2800 JavaThread "Timer-52" [_thread_blocked, id=5324, stack(0x09cb0000,0x09d00000)]
  0x078e2400 JavaThread "Timer-46" [_thread_blocked, id=5200, stack(0x05140000,0x05190000)]
  0x078dd400 JavaThread "Timer-45" [_thread_blocked, id=1604, stack(0x050f0000,0x05140000)]
  0x021b5400 JavaThread "Timer-44" [_thread_blocked, id=2044, stack(0x0a250000,0x0a2a0000)]
  0x078df800 JavaThread "Timer-18" [_thread_blocked, id=4588, stack(0x09c10000,0x09c60000)]
  0x078dcc00 JavaThread "Timer-11" [_thread_blocked, id=2408, stack(0x05190000,0x051e0000)]
  0x078de800 JavaThread "TimerQueue" daemon [_thread_blocked, id=1192, stack(0x05280000,0x052d0000)]
  0x078de000 JavaThread "Timestamping Thread" [_thread_in_native, id=4440, stack(0x05230000,0x05280000)]
  0x078dd800 JavaThread "Timeup Thread" [_thread_blocked, id=5396, stack(0x051e0000,0x05230000)]
  0x078dc000 JavaThread "DestroyJavaVM" [_thread_blocked, id=5668, stack(0x003a0000,0x003f0000)]
  0x078d7800 JavaThread "D3D Screen Updater" daemon [_thread_blocked, id=3644, stack(0x04b00000,0x04b50000)]
  0x053d9000 JavaThread "Thread-5" [_thread_blocked, id=1780, stack(0x07520000,0x07570000)]
  0x053d7c00 JavaThread "Thread-4" [_thread_blocked, id=3348, stack(0x07480000,0x074d0000)]
  0x053d5400 JavaThread "Thread-3" [_thread_blocked, id=4212, stack(0x07430000,0x07480000)]
  0x053c7c00 JavaThread "Timer-0" [_thread_blocked, id=3816, stack(0x073e0000,0x07430000)]
  0x05349000 JavaThread "AWT-EventQueue-0" [_thread_blocked, id=5256, stack(0x072f0000,0x07340000)]
  0x021cbc00 JavaThread "AWT-Windows" daemon [_thread_in_native, id=4340, stack(0x04ab0000,0x04b00000)]
  0x021cb800 JavaThread "AWT-Shutdown" [_thread_blocked, id=6044, stack(0x04610000,0x04660000)]
  0x021c9000 JavaThread "Java2D Disposer" daemon [_thread_blocked, id=5524, stack(0x044b0000,0x04500000)]
  0x02133400 JavaThread "Low Memory Detector" daemon [_thread_blocked, id=4972, stack(0x04410000,0x04460000)]
  0x02111400 JavaThread "CompilerThread0" daemon [_thread_blocked, id=4316, stack(0x043c0000,0x04410000)]
  0x0210d800 JavaThread "Attach Listener" daemon [_thread_blocked, id=3560, stack(0x04370000,0x043c0000)]
  0x0210a800 JavaThread "Signal Dispatcher" daemon [_thread_blocked, id=5804, stack(0x04320000,0x04370000)]
  0x02102000 JavaThread "Finalizer" daemon [_thread_blocked, id=3848, stack(0x042d0000,0x04320000)]
  0x02100c00 JavaThread "Reference Handler" daemon [_thread_blocked, id=4740, stack(0x04280000,0x042d0000)]

Other Threads:
  0x020ff400 VMThread [stack: 0x00bb0000,0x00c00000] [id=4704]
  0x02134c00 WatcherThread [stack: 0x04460000,0x044b0000] [id=5104]

VM state:not at safepoint (normal execution)

VM Mutex/Monitor currently owned by a thread: None

Heap
 def new generation   total 4928K, used 4710K [0x24100000, 0x24650000, 0x29650000)
  eden space 4416K,  95% used [0x24100000, 0x24519920, 0x24550000)
  from space 512K, 100% used [0x245d0000, 0x24650000, 0x24650000)
  to   space 512K,   0% used [0x24550000, 0x24550000, 0x245d0000)
 tenured generation   total 10944K, used 4882K [0x29650000, 0x2a100000, 0x34100000)
   the space 10944K,  44% used [0x29650000, 0x29b14a40, 0x29b14c00, 0x2a100000)
 compacting perm gen  total 12288K, used 1894K [0x34100000, 0x34d00000, 0x38100000)
   the space 12288K,  15% used [0x34100000, 0x342d9890, 0x342d9a00, 0x34d00000)
    ro space 10240K,  51% used [0x38100000, 0x3862b700, 0x3862b800, 0x38b00000)
    rw space 12288K,  54% used [0x38b00000, 0x391976c0, 0x39197800, 0x39700000)

Dynamic libraries:
0x00400000 - 0x00424000 	C:\Windows\system32\java.exe
0x76fb0000 - 0x770d7000 	C:\Windows\system32\ntdll.dll
0x76c90000 - 0x76d6b000 	C:\Windows\system32\kernel32.dll
0x75b30000 - 0x75bf6000 	C:\Windows\system32\ADVAPI32.dll
0x75c90000 - 0x75d52000 	C:\Windows\system32\RPCRT4.dll
0x7c340000 - 0x7c396000 	C:\Program Files\Java\jre6\bin\msvcr71.dll
0x6d800000 - 0x6daa7000 	C:\Program Files\Java\jre6\bin\client\jvm.dll
0x76bf0000 - 0x76c8d000 	C:\Windows\system32\USER32.dll
0x75900000 - 0x7594b000 	C:\Windows\system32\GDI32.dll
0x735d0000 - 0x73602000 	C:\Windows\system32\WINMM.dll
0x75a80000 - 0x75b2a000 	C:\Windows\system32\msvcrt.dll
0x769c0000 - 0x76b04000 	C:\Windows\system32\ole32.dll
0x75840000 - 0x758cd000 	C:\Windows\system32\OLEAUT32.dll
0x73590000 - 0x735c9000 	C:\Windows\system32\OLEACC.dll
0x770f0000 - 0x7710e000 	C:\Windows\system32\IMM32.DLL
0x75de0000 - 0x75ea8000 	C:\Windows\system32\MSCTF.dll
0x75650000 - 0x7567c000 	C:\Windows\system32\apphelp.dll
0x771e0000 - 0x771e9000 	C:\Windows\system32\LPK.DLL
0x75d60000 - 0x75ddd000 	C:\Windows\system32\USP10.dll
0x6d7b0000 - 0x6d7bc000 	C:\Program Files\Java\jre6\bin\verify.dll
0x6d330000 - 0x6d34f000 	C:\Program Files\Java\jre6\bin\java.dll
0x6d290000 - 0x6d298000 	C:\Program Files\Java\jre6\bin\hpi.dll
0x770e0000 - 0x770e7000 	C:\Windows\system32\PSAPI.DLL
0x6d7f0000 - 0x6d7ff000 	C:\Program Files\Java\jre6\bin\zip.dll
0x6d000000 - 0x6d14a000 	C:\Program Files\Java\jre6\bin\awt.dll
0x708a0000 - 0x708e2000 	C:\Windows\system32\WINSPOOL.DRV
0x74500000 - 0x7469e000 	C:\Windows\WinSxS\x86_microsoft.windows.common-controls_6595b64144ccf1df_6.0.6001.18523_none_5cdd65e20837faf2\COMCTL32.dll
0x76dc0000 - 0x76e18000 	C:\Windows\system32\SHLWAPI.dll
0x74180000 - 0x7418c000 	C:\Windows\system32\DWMAPI.DLL
0x744c0000 - 0x744ff000 	C:\Windows\system32\uxtheme.dll
0x75eb0000 - 0x769c0000 	C:\Windows\system32\shell32.dll
0x6d230000 - 0x6d284000 	C:\Program Files\Java\jre6\bin\fontmanager.dll
0x6f340000 - 0x6f4fa000 	C:\Windows\system32\d3d9.dll
0x74f70000 - 0x74f78000 	C:\Windows\system32\VERSION.dll
0x74160000 - 0x74166000 	C:\Windows\system32\d3d8thk.dll
0x6ebe0000 - 0x6f336000 	C:\Windows\system32\nvd3dum.dll
0x74b30000 - 0x74b4a000 	C:\Windows\system32\powrprof.dll
0x6d610000 - 0x6d623000 	C:\Program Files\Java\jre6\bin\net.dll
0x758d0000 - 0x758fd000 	C:\Windows\system32\WS2_32.dll
0x77200000 - 0x77206000 	C:\Windows\system32\NSI.dll
0x74e20000 - 0x74e5b000 	C:\Windows\system32\mswsock.dll
0x74e90000 - 0x74e95000 	C:\Windows\System32\wship6.dll
0x6d630000 - 0x6d639000 	C:\Program Files\Java\jre6\bin\nio.dll
0x74b20000 - 0x74b25000 	C:\Windows\System32\wshtcpip.dll
0x6d520000 - 0x6d544000 	C:\Program Files\Java\jre6\bin\jsound.dll
0x6d550000 - 0x6d558000 	C:\Program Files\Java\jre6\bin\jsoundds.dll
0x6fee0000 - 0x6ff50000 	C:\Windows\system32\DSOUND.dll
0x734e0000 - 0x7350f000 	C:\Windows\system32\wdmaud.drv
0x73560000 - 0x73564000 	C:\Windows\system32\ksuser.dll
0x74460000 - 0x74487000 	C:\Windows\system32\MMDevAPI.DLL
0x74a80000 - 0x74a87000 	C:\Windows\system32\AVRT.dll
0x76e20000 - 0x76faa000 	C:\Windows\system32\SETUPAPI.dll
0x74aa0000 - 0x74acd000 	C:\Windows\system32\WINTRUST.dll
0x75160000 - 0x75251000 	C:\Windows\system32\CRYPT32.dll
0x752c0000 - 0x752d2000 	C:\Windows\system32\MSASN1.dll
0x756d0000 - 0x756ee000 	C:\Windows\system32\USERENV.dll
0x756b0000 - 0x756c4000 	C:\Windows\system32\Secur32.dll
0x75810000 - 0x75839000 	C:\Windows\system32\imagehlp.dll
0x734b0000 - 0x734d1000 	C:\Windows\system32\AUDIOSES.DLL
0x73440000 - 0x734a6000 	C:\Windows\system32\audioeng.dll
0x73550000 - 0x73559000 	C:\Windows\system32\msacm32.drv
0x73420000 - 0x73434000 	C:\Windows\system32\MSACM32.dll
0x73410000 - 0x73417000 	C:\Windows\system32\midimap.dll
0x75c00000 - 0x75c84000 	C:\Windows\system32\CLBCatQ.DLL

VM Arguments:
java_command: multiframe
Launcher Type: SUN_STANDARD

Environment Variables:
CLASSPATH=.;C:\Program Files\Java\jre6\lib\ext\QTJava.zip
PATH=C:\Windows\system32;C:\Windows;C:\Windows\System32\Wbem;C:\Program Files\QuickTime\QTSystem\;c:\Program Files\Java\jdk1.6.0_21\bin
USERNAME=Mike
OS=Windows_NT
PROCESSOR_IDENTIFIER=x86 Family 15 Model 107 Stepping 2, AuthenticAMD



---------------  S Y S T E M  ---------------

OS: Windows Vista Build 6001 Service Pack 1

CPU:total 2 (2 cores per cpu, 1 threads per core) family 15 model 107 stepping 2, cmov, cx8, fxsr, mmx, sse, sse2, sse3, mmxext, 3dnow, 3dnowext

Memory: 4k page, physical 3601992k(2086432k free), swap 7452320k(6059372k free)

vm_info: Java HotSpot(TM) Client VM (17.0-b16) for windows-x86 JRE (1.6.0_21-b06), built on Jun 22 2010 00:56:49 by "java_re" with MS VC++ 7.1 (VS2003)

time: Fri Dec 17 23:53:13 2010
elapsed time: 46 seconds

