2010.11.30 20:51 B C:\mydocs\lantern 60\lantern223s.jar --> adammr.com / lantern223s.jar
2010.12.01 18:53 B C:\mydocs\lantern 60\lantern224s.jar --> adammr.com / lantern224s.jar
2010.12.04 00:13 B C:\mydocs\lantern 60\lantern225s.jar --> adammr.com / lantern225s.jar
2010.12.05 17:34 B C:\mydocs\lantern 60\lantern226s.jar --> adammr.com / lantern226s.jar
2010.12.06 22:02 B C:\mydocs\lantern 60\lantern227s.jar --> adammr.com / lantern227s.jar
2010.12.06 22:05 B C:\mydocs\lantern 60\lantern227s.jar --> adammr.com / lantern227s.jar
2010.12.06 22:21 B C:\mydocs\lantern 60\lantern227s.jar --> adammr.com / lantern227s.jar
2010.12.07 23:26 B C:\mydocs\lantern 201\lantern228s.jar --> adammr.com / lantern228s.jar
2010.12.08 01:11 B C:\mydocs\lantern 201\lantern229s.jar --> adammr.com / lantern229s.jar
2010.12.09 15:11 B C:\mydocs\lantern 201\lantern230s.jar --> adammr.com / lantern230s.jar
2010.12.10 05:22 B C:\mydocs\lantern 201\lantern231s.jar --> adammr.com / lantern231s.jar
2010.12.11 13:18 B C:\mydocs\lantern 201\lantern232s.jar --> adammr.com / lantern232s.jar
2010.12.11 15:01 B C:\mydocs\lantern 201\lantern233s.jar --> adammr.com / lantern233s.jar
2010.12.17 20:21 B C:\mydocs\lantern 201\lantern234s.jar --> adammr.com / lantern234s.jar
2010.12.17 21:19 B C:\mydocs\lantern 201\lantern234s.jar --> adammr.com / lantern234s.jar
2010.12.18 23:29 B C:\mydocs\lantern 201\lantern235s.jar --> adammr.com / lantern235s.jar
2010.12.27 22:48 B C:\mydocs\lantern 201\lantern237s.jar --> adammr.com / lantern237s.jar
2010.12.27 23:08 B C:\mydocs\lantern 201\lantern237s.jar --> adammr.com / lantern237s.jar
2010.12.28 23:09 B C:\mydocs\lantern 201\lantern238s.jar --> adammr.com / lantern238s.jar
2010.12.31 16:34 B C:\mydocs\lantern 201\lantern239s.jar --> adammr.com / lantern239s.jar
2010.12.31 18:36 B C:\mydocs\lantern 201\lantern239s.jar --> adammr.com / lantern239s.jar
2010.12.31 20:27 B C:\mydocs\lantern 201\lantern239s.jar --> adammr.com / lantern239s.jar
2011.01.01 19:12 B C:\mydocs\lantern 201\lantern240s.jar --> adammr.com / lantern240s.jar
2011.01.01 20:49 B C:\mydocs\lantern 201\lantern240s.jar --> adammr.com / lantern240s.jar
2011.01.01 21:18 B C:\mydocs\lantern 201\lantern240s.jar --> adammr.com / lantern240s.jar
2011.01.02 10:37 B C:\mydocs\lantern 201\lantern241s.jar --> adammr.com / lantern241s.jar
2011.01.02 12:38 B C:\mydocs\lantern 201\lantern241s.jar --> adammr.com / lantern241s.jar
2011.01.02 13:19 B C:\mydocs\lantern 201\lantern242s.jar --> adammr.com / lantern242s.jar
2011.01.05 00:14 B C:\mydocs\lantern 201\lantern243s.jar --> adammr.com / lantern243s.jar
2011.01.06 22:21 B C:\mydocs\lantern 201\lantern244s.jar --> adammr.com / lantern244s.jar
2011.01.07 21:09 B C:\mydocs\lantern 201\lantern245s.jar --> adammr.com / lantern245s.jar
2011.01.07 21:40 B C:\mydocs\lantern 201\lantern246s.jar --> adammr.com / lantern246s.jar
2011.01.08 13:49 B C:\mydocs\lantern 201\lantern247s.jar --> adammr.com / lantern247s.jar
2011.01.08 13:59 B C:\mydocs\lantern 201\lantern247s.jar --> adammr.com / lantern247s.jar
2011.01.08 20:44 B C:\mydocs\lantern current\lantern248s.jar --> adammr.com / lantern248s.jar
2011.01.09 02:06 B C:\mydocs\lantern current\lantern249s.jar --> adammr.com / lantern249s.jar
2011.01.09 02:30 B C:\mydocs\lantern current\lantern250s.jar --> adammr.com / lantern250s.jar
2011.01.09 13:25 B C:\mydocs\lantern current\lantern251s.jar --> adammr.com / lantern251s.jar
2011.01.09 14:34 B C:\mydocs\lantern current\lantern252s.jar --> adammr.com / lantern252s.jar
2011.01.09 15:36 B C:\mydocs\lantern current\lantern253s.jar --> adammr.com / lantern253s.jar
2011.01.09 16:08 B C:\mydocs\lantern current\lantern254s.jar --> adammr.com / lantern254s.jar
2011.01.09 18:05 B C:\mydocs\lantern current\lantern255s.jar --> adammr.com / lantern255s.jar
2011.01.10 12:43 B C:\mydocs\lantern current\lantern256s.jar --> adammr.com / lantern256s.jar
2011.01.10 13:09 B C:\mydocs\lantern current\lantern257s.jar --> adammr.com / lantern257s.jar
2011.01.10 15:56 B C:\mydocs\lantern current\lantern258s.jar --> adammr.com / lantern258s.jar
2011.01.10 17:15 B C:\mydocs\lantern current\lantern259s.jar --> adammr.com / lantern259s.jar
2011.01.12 00:00 B C:\mydocs\lantern current 2\lantern260s.jar --> adammr.com / lantern260s.jar
2011.01.12 07:33 B C:\mydocs\lantern current 2\lantern261s.jar --> adammr.com / lantern261s.jar
2011.01.12 20:52 B C:\mydocs\lantern current 2\lantern262s.jar --> adammr.com / lantern262s.jar
2011.01.12 21:27 B C:\mydocs\lantern current 2\lantern263s.jar --> adammr.com / lantern263s.jar
2011.01.13 22:20 B C:\mydocs\lantern current 2\lantern264s.jar --> adammr.com / lantern264s.jar
2011.01.14 19:53 B C:\mydocs\lantern current 2\lantern265s.jar --> adammr.com / lantern265s.jar
2011.01.14 20:22 B C:\mydocs\lantern current 2\lantern265s.jar --> adammr.com / lantern265s.jar
2011.01.14 22:59 B C:\mydocs\lantern current 2\lantern265s.jar --> adammr.com / lantern265s.jar
2011.01.15 02:13 B C:\mydocs\lantern current 2\lantern265s.jar --> adammr.com / lantern265s.jar
2011.01.15 15:25 B C:\mydocs\lantern current 2\lantern266s.jar --> adammr.com / lantern266s.jar
2011.01.15 15:27 B C:\mydocs\lantern current 2\lantern266s.jar --> adammr.com / lantern266s.jar
2011.01.15 19:25 B C:\mydocs\lantern current 2\lantern267s.jar --> adammr.com / lantern267s.jar
2011.03.06 19:18 B C:\mydocs\Build\lantern\lantern311-modified.zip --> adammr.com / lantern311-modified.zip
2011.04.10 00:02 B C:\mydocs\Build\lantern\BEEP_FM.wav <-- adammr /powerout147 BEEP_FM.wav
2011.04.10 00:02 B C:\mydocs\Build\lantern\BEEPPURE.wav <-- adammr /powerout147 BEEPPURE.wav
2011.04.10 00:02 B C:\mydocs\Build\lantern\BEEPSPAC.wav <-- adammr /powerout147 BEEPSPAC.wav
2011.04.20 04:19 A C:\mydocs\Build\lantern\lantern-screenshots.html --> adammr.com / lantern-screenshots.html
2011.04.20 04:22 A C:\mydocs\Build\lantern\lantern-screenshots.html --> adammr.com / lantern-screenshots.html
2011.04.20 04:23 A C:\mydocs\Build\lantern\lantern-screenshots.html --> adammr.com / lantern-screenshots.html
